{"/Users/fhermq/code/React/cursoDe0aExperto/03-gifs-app/src/GifsApp.tsx": {"path":"/Users/fhermq/code/React/cursoDe0aExperto/03-gifs-app/src/GifsApp.tsx","all":false,"statementMap":{"0":{"start":{"line":1,"column":0},"end":{"line":1,"column":63}},"1":{"start":{"line":2,"column":0},"end":{"line":2,"column":69}},"2":{"start":{"line":3,"column":0},"end":{"line":3,"column":63}},"3":{"start":{"line":4,"column":0},"end":{"line":4,"column":57}},"4":{"start":{"line":5,"column":0},"end":{"line":5,"column":46}},"6":{"start":{"line":7,"column":0},"end":{"line":7,"column":30}},"8":{"start":{"line":9,"column":0},"end":{"line":9,"column":11}},"9":{"start":{"line":10,"column":0},"end":{"line":10,"column":22}},"10":{"start":{"line":11,"column":0},"end":{"line":11,"column":13}},"11":{"start":{"line":12,"column":0},"end":{"line":12,"column":21}},"12":{"start":{"line":13,"column":0},"end":{"line":13,"column":40}},"15":{"start":{"line":16,"column":0},"end":{"line":16,"column":12}},"16":{"start":{"line":17,"column":0},"end":{"line":17,"column":10}},"18":{"start":{"line":19,"column":0},"end":{"line":19,"column":108}},"21":{"start":{"line":22,"column":0},"end":{"line":22,"column":47}},"22":{"start":{"line":23,"column":0},"end":{"line":23,"column":31}},"23":{"start":{"line":24,"column":0},"end":{"line":24,"column":76}},"24":{"start":{"line":25,"column":0},"end":{"line":25,"column":41}},"30":{"start":{"line":31,"column":0},"end":{"line":31,"column":54}},"31":{"start":{"line":32,"column":0},"end":{"line":32,"column":77}},"36":{"start":{"line":37,"column":0},"end":{"line":37,"column":41}},"41":{"start":{"line":42,"column":0},"end":{"line":42,"column":1}}},"s":{"0":1,"1":1,"2":1,"3":1,"4":1,"6":1,"8":1,"9":1,"10":1,"11":1,"12":1,"15":1,"16":1,"18":1,"21":1,"22":1,"23":1,"24":1,"30":1,"31":1,"36":1,"41":1},"branchMap":{"0":{"type":"branch","line":7,"loc":{"start":{"line":7,"column":23},"end":{"line":42,"column":1}},"locations":[{"start":{"line":7,"column":23},"end":{"line":42,"column":1}}]}},"b":{"0":[1]},"fnMap":{"0":{"name":"GifsApp","decl":{"start":{"line":7,"column":23},"end":{"line":42,"column":1}},"loc":{"start":{"line":7,"column":23},"end":{"line":42,"column":1}},"line":7},"1":{"name":"onLabelClicked","decl":{"start":{"line":32,"column":32},"end":{"line":32,"column":77}},"loc":{"start":{"line":32,"column":32},"end":{"line":32,"column":77}},"line":32}},"f":{"0":1,"1":0}}
,"/Users/fhermq/code/React/cursoDe0aExperto/03-gifs-app/src/main.tsx": {"path":"/Users/fhermq/code/React/cursoDe0aExperto/03-gifs-app/src/main.tsx","all":true,"statementMap":{"0":{"start":{"line":1,"column":0},"end":{"line":1,"column":34}},"1":{"start":{"line":2,"column":0},"end":{"line":2,"column":45}},"2":{"start":{"line":3,"column":0},"end":{"line":3,"column":20}},"3":{"start":{"line":4,"column":0},"end":{"line":4,"column":35}},"6":{"start":{"line":7,"column":0},"end":{"line":7,"column":52}},"7":{"start":{"line":8,"column":0},"end":{"line":8,"column":14}},"8":{"start":{"line":9,"column":0},"end":{"line":9,"column":14}}},"s":{"0":0,"1":0,"2":0,"3":0,"6":0,"7":0,"8":0},"branchMap":{"0":{"type":"branch","line":1,"loc":{"start":{"line":1,"column":269},"end":{"line":12,"column":1}},"locations":[{"start":{"line":1,"column":269},"end":{"line":12,"column":1}}]}},"b":{"0":[0]},"fnMap":{"0":{"name":"(empty-report)","decl":{"start":{"line":1,"column":269},"end":{"line":12,"column":1}},"loc":{"start":{"line":1,"column":269},"end":{"line":12,"column":1}},"line":1}},"f":{"0":0}}
,"/Users/fhermq/code/React/cursoDe0aExperto/03-gifs-app/src/counter/components/MyCounterApp.tsx": {"path":"/Users/fhermq/code/React/cursoDe0aExperto/03-gifs-app/src/counter/components/MyCounterApp.tsx","all":false,"statementMap":{"0":{"start":{"line":1,"column":0},"end":{"line":1,"column":49}},"3":{"start":{"line":4,"column":0},"end":{"line":4,"column":35}},"5":{"start":{"line":6,"column":0},"end":{"line":6,"column":78}},"7":{"start":{"line":8,"column":0},"end":{"line":8,"column":12}},"8":{"start":{"line":9,"column":0},"end":{"line":9,"column":88}},"9":{"start":{"line":10,"column":0},"end":{"line":10,"column":39}},"10":{"start":{"line":11,"column":0},"end":{"line":11,"column":58}},"11":{"start":{"line":12,"column":0},"end":{"line":12,"column":55}},"12":{"start":{"line":13,"column":0},"end":{"line":13,"column":61}},"13":{"start":{"line":14,"column":0},"end":{"line":14,"column":60}},"17":{"start":{"line":18,"column":0},"end":{"line":18,"column":1}}},"s":{"0":1,"3":1,"5":7,"7":7,"8":7,"9":7,"10":7,"11":7,"12":7,"13":7,"17":7},"branchMap":{"0":{"type":"branch","line":4,"loc":{"start":{"line":4,"column":28},"end":{"line":18,"column":1}},"locations":[{"start":{"line":4,"column":28},"end":{"line":18,"column":1}}]}},"b":{"0":[7]},"fnMap":{"0":{"name":"MyCounterApp","decl":{"start":{"line":4,"column":28},"end":{"line":18,"column":1}},"loc":{"start":{"line":4,"column":28},"end":{"line":18,"column":1}},"line":4}},"f":{"0":7}}
,"/Users/fhermq/code/React/cursoDe0aExperto/03-gifs-app/src/counter/hooks/useCounter.tsx": {"path":"/Users/fhermq/code/React/cursoDe0aExperto/03-gifs-app/src/counter/hooks/useCounter.tsx","all":false,"statementMap":{"0":{"start":{"line":1,"column":0},"end":{"line":1,"column":33}},"2":{"start":{"line":3,"column":0},"end":{"line":3,"column":57}},"4":{"start":{"line":5,"column":0},"end":{"line":5,"column":58}},"6":{"start":{"line":7,"column":0},"end":{"line":7,"column":32}},"7":{"start":{"line":8,"column":0},"end":{"line":8,"column":35}},"8":{"start":{"line":9,"column":0},"end":{"line":9,"column":9}},"10":{"start":{"line":11,"column":0},"end":{"line":11,"column":38}},"11":{"start":{"line":12,"column":0},"end":{"line":12,"column":54}},"12":{"start":{"line":13,"column":0},"end":{"line":13,"column":37}},"13":{"start":{"line":14,"column":0},"end":{"line":14,"column":9}},"15":{"start":{"line":16,"column":0},"end":{"line":16,"column":34}},"16":{"start":{"line":17,"column":0},"end":{"line":17,"column":37}},"17":{"start":{"line":18,"column":0},"end":{"line":18,"column":9}},"19":{"start":{"line":20,"column":0},"end":{"line":20,"column":12}},"20":{"start":{"line":21,"column":0},"end":{"line":21,"column":31}},"21":{"start":{"line":22,"column":0},"end":{"line":22,"column":16}},"23":{"start":{"line":24,"column":0},"end":{"line":24,"column":28}},"24":{"start":{"line":25,"column":0},"end":{"line":25,"column":18}},"25":{"start":{"line":26,"column":0},"end":{"line":26,"column":24}},"26":{"start":{"line":27,"column":0},"end":{"line":27,"column":20}},"27":{"start":{"line":28,"column":0},"end":{"line":28,"column":5}},"28":{"start":{"line":29,"column":0},"end":{"line":29,"column":1}}},"s":{"0":1,"2":1,"4":14,"6":14,"7":4,"8":4,"10":14,"11":2,"12":2,"13":2,"15":14,"16":1,"17":1,"19":14,"20":14,"21":14,"23":14,"24":14,"25":14,"26":14,"27":14,"28":14},"branchMap":{"0":{"type":"branch","line":3,"loc":{"start":{"line":3,"column":26},"end":{"line":29,"column":1}},"locations":[{"start":{"line":3,"column":26},"end":{"line":29,"column":1}}]},"1":{"type":"branch","line":7,"loc":{"start":{"line":7,"column":26},"end":{"line":9,"column":9}},"locations":[{"start":{"line":7,"column":26},"end":{"line":9,"column":9}}]},"2":{"type":"branch","line":11,"loc":{"start":{"line":11,"column":32},"end":{"line":14,"column":9}},"locations":[{"start":{"line":11,"column":32},"end":{"line":14,"column":9}}]},"3":{"type":"branch","line":12,"loc":{"start":{"line":12,"column":24},"end":{"line":12,"column":54}},"locations":[{"start":{"line":12,"column":24},"end":{"line":12,"column":54}}]},"4":{"type":"branch","line":16,"loc":{"start":{"line":16,"column":28},"end":{"line":18,"column":9}},"locations":[{"start":{"line":16,"column":28},"end":{"line":18,"column":9}}]}},"b":{"0":[14],"1":[4],"2":[2],"3":[2],"4":[1]},"fnMap":{"0":{"name":"useCounter","decl":{"start":{"line":3,"column":26},"end":{"line":29,"column":1}},"loc":{"start":{"line":3,"column":26},"end":{"line":29,"column":1}},"line":3},"1":{"name":"handleAdd","decl":{"start":{"line":7,"column":26},"end":{"line":9,"column":9}},"loc":{"start":{"line":7,"column":26},"end":{"line":9,"column":9}},"line":7},"2":{"name":"handleSusbtract","decl":{"start":{"line":11,"column":32},"end":{"line":14,"column":9}},"loc":{"start":{"line":11,"column":32},"end":{"line":14,"column":9}},"line":11},"3":{"name":"handleReset","decl":{"start":{"line":16,"column":28},"end":{"line":18,"column":9}},"loc":{"start":{"line":16,"column":28},"end":{"line":18,"column":9}},"line":16}},"f":{"0":14,"1":4,"2":2,"3":1}}
,"/Users/fhermq/code/React/cursoDe0aExperto/03-gifs-app/src/gifs/actions/get-gifs-by-query.action.ts": {"path":"/Users/fhermq/code/React/cursoDe0aExperto/03-gifs-app/src/gifs/actions/get-gifs-by-query.action.ts","all":false,"statementMap":{"2":{"start":{"line":3,"column":0},"end":{"line":3,"column":44}},"4":{"start":{"line":5,"column":0},"end":{"line":5,"column":72}},"6":{"start":{"line":7,"column":0},"end":{"line":7,"column":9}},"7":{"start":{"line":8,"column":0},"end":{"line":8,"column":40}},"8":{"start":{"line":9,"column":0},"end":{"line":9,"column":22}},"9":{"start":{"line":10,"column":0},"end":{"line":10,"column":9}},"10":{"start":{"line":11,"column":0},"end":{"line":11,"column":67}},"11":{"start":{"line":12,"column":0},"end":{"line":12,"column":21}},"12":{"start":{"line":13,"column":0},"end":{"line":13,"column":25}},"13":{"start":{"line":14,"column":0},"end":{"line":14,"column":26}},"14":{"start":{"line":15,"column":0},"end":{"line":15,"column":13}},"15":{"start":{"line":16,"column":0},"end":{"line":16,"column":11}},"16":{"start":{"line":17,"column":0},"end":{"line":17,"column":37}},"17":{"start":{"line":18,"column":0},"end":{"line":18,"column":49}},"18":{"start":{"line":19,"column":0},"end":{"line":19,"column":23}},"19":{"start":{"line":20,"column":0},"end":{"line":20,"column":29}},"20":{"start":{"line":21,"column":0},"end":{"line":21,"column":41}},"21":{"start":{"line":22,"column":0},"end":{"line":22,"column":53}},"22":{"start":{"line":23,"column":0},"end":{"line":23,"column":53}},"23":{"start":{"line":24,"column":0},"end":{"line":24,"column":11}},"25":{"start":{"line":26,"column":0},"end":{"line":26,"column":21}},"26":{"start":{"line":27,"column":0},"end":{"line":27,"column":29}},"27":{"start":{"line":28,"column":0},"end":{"line":28,"column":18}},"28":{"start":{"line":29,"column":0},"end":{"line":29,"column":5}},"30":{"start":{"line":31,"column":0},"end":{"line":31,"column":2}}},"s":{"2":1,"4":1,"6":6,"7":6,"8":1,"9":1,"10":5,"11":5,"12":5,"13":5,"14":5,"15":5,"16":4,"17":4,"18":40,"19":40,"20":40,"21":40,"22":40,"23":40,"25":4,"26":1,"27":1,"28":1,"30":6},"branchMap":{"0":{"type":"branch","line":5,"loc":{"start":{"line":5,"column":30},"end":{"line":31,"column":2}},"locations":[{"start":{"line":5,"column":30},"end":{"line":31,"column":2}}]},"1":{"type":"branch","line":8,"loc":{"start":{"line":8,"column":39},"end":{"line":10,"column":9}},"locations":[{"start":{"line":8,"column":39},"end":{"line":10,"column":9}}]},"2":{"type":"branch","line":10,"loc":{"start":{"line":10,"column":8},"end":{"line":16,"column":11}},"locations":[{"start":{"line":10,"column":8},"end":{"line":16,"column":11}}]},"3":{"type":"branch","line":16,"loc":{"start":{"line":16,"column":8},"end":{"line":29,"column":5}},"locations":[{"start":{"line":16,"column":8},"end":{"line":29,"column":5}}]},"4":{"type":"branch","line":26,"loc":{"start":{"line":26,"column":6},"end":{"line":29,"column":5}},"locations":[{"start":{"line":26,"column":6},"end":{"line":29,"column":5}}]},"5":{"type":"branch","line":18,"loc":{"start":{"line":18,"column":38},"end":{"line":24,"column":11}},"locations":[{"start":{"line":18,"column":38},"end":{"line":24,"column":11}}]}},"b":{"0":[6],"1":[1],"2":[5],"3":[4],"4":[1],"5":[40]},"fnMap":{"0":{"name":"getGifsByQuery","decl":{"start":{"line":5,"column":30},"end":{"line":31,"column":2}},"loc":{"start":{"line":5,"column":30},"end":{"line":31,"column":2}},"line":5}},"f":{"0":6}}
,"/Users/fhermq/code/React/cursoDe0aExperto/03-gifs-app/src/gifs/api/giphy.api.ts": {"path":"/Users/fhermq/code/React/cursoDe0aExperto/03-gifs-app/src/gifs/api/giphy.api.ts","all":false,"statementMap":{"0":{"start":{"line":1,"column":0},"end":{"line":1,"column":26}},"2":{"start":{"line":3,"column":0},"end":{"line":3,"column":38}},"3":{"start":{"line":4,"column":0},"end":{"line":4,"column":45}},"4":{"start":{"line":5,"column":0},"end":{"line":5,"column":13}},"5":{"start":{"line":6,"column":0},"end":{"line":6,"column":19}},"6":{"start":{"line":7,"column":0},"end":{"line":7,"column":52}},"7":{"start":{"line":8,"column":0},"end":{"line":8,"column":6}},"8":{"start":{"line":9,"column":0},"end":{"line":9,"column":2}}},"s":{"0":1,"2":1,"3":1,"4":1,"5":1,"6":1,"7":1,"8":1},"branchMap":{},"b":{},"fnMap":{},"f":{}}
,"/Users/fhermq/code/React/cursoDe0aExperto/03-gifs-app/src/gifs/components/ContainerGifs.tsx": {"path":"/Users/fhermq/code/React/cursoDe0aExperto/03-gifs-app/src/gifs/components/ContainerGifs.tsx","all":false,"statementMap":{"7":{"start":{"line":8,"column":0},"end":{"line":8,"column":68}},"8":{"start":{"line":9,"column":0},"end":{"line":9,"column":12}},"9":{"start":{"line":10,"column":0},"end":{"line":10,"column":40}},"11":{"start":{"line":12,"column":0},"end":{"line":12,"column":35}},"12":{"start":{"line":13,"column":0},"end":{"line":13,"column":59}},"13":{"start":{"line":14,"column":0},"end":{"line":14,"column":61}},"14":{"start":{"line":15,"column":0},"end":{"line":15,"column":44}},"15":{"start":{"line":16,"column":0},"end":{"line":16,"column":27}},"16":{"start":{"line":17,"column":0},"end":{"line":17,"column":61}},"24":{"start":{"line":25,"column":0},"end":{"line":25,"column":1}}},"s":{"7":1,"8":1,"9":1,"11":1,"12":1,"13":1,"14":1,"15":1,"16":1,"24":1},"branchMap":{"0":{"type":"branch","line":8,"loc":{"start":{"line":8,"column":53},"end":{"line":25,"column":1}},"locations":[{"start":{"line":8,"column":53},"end":{"line":25,"column":1}}]}},"b":{"0":[1]},"fnMap":{"0":{"name":"ContainerGifs","decl":{"start":{"line":8,"column":53},"end":{"line":25,"column":1}},"loc":{"start":{"line":8,"column":53},"end":{"line":25,"column":1}},"line":8}},"f":{"0":1}}
,"/Users/fhermq/code/React/cursoDe0aExperto/03-gifs-app/src/gifs/components/PreviousSearches.tsx": {"path":"/Users/fhermq/code/React/cursoDe0aExperto/03-gifs-app/src/gifs/components/PreviousSearches.tsx","all":false,"statementMap":{"8":{"start":{"line":9,"column":0},"end":{"line":9,"column":97}},"9":{"start":{"line":10,"column":0},"end":{"line":10,"column":12}},"10":{"start":{"line":11,"column":0},"end":{"line":11,"column":43}},"11":{"start":{"line":12,"column":0},"end":{"line":12,"column":38}},"12":{"start":{"line":13,"column":0},"end":{"line":13,"column":51}},"14":{"start":{"line":15,"column":0},"end":{"line":15,"column":56}},"15":{"start":{"line":16,"column":0},"end":{"line":16,"column":38}},"16":{"start":{"line":17,"column":0},"end":{"line":17,"column":73}},"22":{"start":{"line":23,"column":0},"end":{"line":23,"column":1}}},"s":{"8":1,"9":1,"10":1,"11":1,"12":1,"14":1,"15":1,"16":1,"22":1},"branchMap":{"0":{"type":"branch","line":9,"loc":{"start":{"line":9,"column":62},"end":{"line":23,"column":1}},"locations":[{"start":{"line":9,"column":62},"end":{"line":23,"column":1}}]}},"b":{"0":[1]},"fnMap":{"0":{"name":"PreviousSearches","decl":{"start":{"line":9,"column":62},"end":{"line":23,"column":1}},"loc":{"start":{"line":9,"column":62},"end":{"line":23,"column":1}},"line":9}},"f":{"0":1}}
,"/Users/fhermq/code/React/cursoDe0aExperto/03-gifs-app/src/gifs/hooks/useGifs.tsx": {"path":"/Users/fhermq/code/React/cursoDe0aExperto/03-gifs-app/src/gifs/hooks/useGifs.tsx","all":false,"statementMap":{"0":{"start":{"line":1,"column":0},"end":{"line":1,"column":41}},"2":{"start":{"line":3,"column":0},"end":{"line":3,"column":69}},"4":{"start":{"line":5,"column":0},"end":{"line":5,"column":47}},"7":{"start":{"line":8,"column":0},"end":{"line":8,"column":30}},"9":{"start":{"line":10,"column":0},"end":{"line":10,"column":69}},"10":{"start":{"line":11,"column":0},"end":{"line":11,"column":48}},"12":{"start":{"line":13,"column":0},"end":{"line":13,"column":56}},"15":{"start":{"line":16,"column":0},"end":{"line":16,"column":55}},"16":{"start":{"line":17,"column":0},"end":{"line":17,"column":38}},"17":{"start":{"line":18,"column":0},"end":{"line":18,"column":45}},"18":{"start":{"line":19,"column":0},"end":{"line":19,"column":19}},"19":{"start":{"line":20,"column":0},"end":{"line":20,"column":9}},"20":{"start":{"line":21,"column":0},"end":{"line":21,"column":50}},"21":{"start":{"line":22,"column":0},"end":{"line":22,"column":48}},"22":{"start":{"line":23,"column":0},"end":{"line":23,"column":22}},"23":{"start":{"line":24,"column":0},"end":{"line":24,"column":39}},"24":{"start":{"line":25,"column":0},"end":{"line":25,"column":29}},"25":{"start":{"line":26,"column":0},"end":{"line":26,"column":6}},"27":{"start":{"line":28,"column":0},"end":{"line":28,"column":56}},"28":{"start":{"line":29,"column":0},"end":{"line":29,"column":50}},"29":{"start":{"line":30,"column":0},"end":{"line":30,"column":38}},"30":{"start":{"line":31,"column":0},"end":{"line":31,"column":60}},"31":{"start":{"line":32,"column":0},"end":{"line":32,"column":47}},"32":{"start":{"line":33,"column":0},"end":{"line":33,"column":20}},"33":{"start":{"line":34,"column":0},"end":{"line":34,"column":42}},"34":{"start":{"line":35,"column":0},"end":{"line":35,"column":50}},"36":{"start":{"line":37,"column":0},"end":{"line":37,"column":37}},"37":{"start":{"line":38,"column":0},"end":{"line":38,"column":43}},"38":{"start":{"line":39,"column":0},"end":{"line":39,"column":35}},"39":{"start":{"line":40,"column":0},"end":{"line":40,"column":40}},"40":{"start":{"line":41,"column":0},"end":{"line":41,"column":42}},"41":{"start":{"line":42,"column":0},"end":{"line":42,"column":12}},"42":{"start":{"line":43,"column":0},"end":{"line":43,"column":65}},"44":{"start":{"line":45,"column":0},"end":{"line":45,"column":49}},"45":{"start":{"line":46,"column":0},"end":{"line":46,"column":40}},"46":{"start":{"line":47,"column":0},"end":{"line":47,"column":22}},"47":{"start":{"line":48,"column":0},"end":{"line":48,"column":31}},"48":{"start":{"line":49,"column":0},"end":{"line":49,"column":6}},"50":{"start":{"line":51,"column":0},"end":{"line":51,"column":12}},"51":{"start":{"line":52,"column":0},"end":{"line":52,"column":31}},"52":{"start":{"line":53,"column":0},"end":{"line":53,"column":13}},"54":{"start":{"line":55,"column":0},"end":{"line":55,"column":31}},"55":{"start":{"line":56,"column":0},"end":{"line":56,"column":22}},"56":{"start":{"line":57,"column":0},"end":{"line":57,"column":21}},"57":{"start":{"line":58,"column":0},"end":{"line":58,"column":26}},"58":{"start":{"line":59,"column":0},"end":{"line":59,"column":5}},"61":{"start":{"line":62,"column":0},"end":{"line":62,"column":1}}},"s":{"0":1,"2":1,"4":1,"7":1,"9":20,"10":20,"12":20,"15":20,"16":3,"17":1,"18":1,"19":1,"20":2,"21":2,"22":2,"23":2,"24":2,"25":2,"27":20,"28":11,"29":11,"30":11,"31":11,"32":0,"33":11,"34":11,"36":11,"37":11,"38":11,"39":11,"40":11,"41":11,"42":11,"44":11,"45":11,"46":11,"47":11,"48":11,"50":20,"51":20,"52":20,"54":20,"55":20,"56":20,"57":20,"58":20,"61":20},"branchMap":{"0":{"type":"branch","line":8,"loc":{"start":{"line":8,"column":23},"end":{"line":62,"column":1}},"locations":[{"start":{"line":8,"column":23},"end":{"line":62,"column":1}}]},"1":{"type":"branch","line":16,"loc":{"start":{"line":16,"column":30},"end":{"line":26,"column":6}},"locations":[{"start":{"line":16,"column":30},"end":{"line":26,"column":6}}]},"2":{"type":"branch","line":17,"loc":{"start":{"line":17,"column":37},"end":{"line":20,"column":9}},"locations":[{"start":{"line":17,"column":37},"end":{"line":20,"column":9}}]},"3":{"type":"branch","line":20,"loc":{"start":{"line":20,"column":8},"end":{"line":26,"column":6}},"locations":[{"start":{"line":20,"column":8},"end":{"line":26,"column":6}}]},"4":{"type":"branch","line":28,"loc":{"start":{"line":28,"column":25},"end":{"line":49,"column":6}},"locations":[{"start":{"line":28,"column":25},"end":{"line":49,"column":6}}]},"5":{"type":"branch","line":32,"loc":{"start":{"line":32,"column":44},"end":{"line":33,"column":20}},"locations":[{"start":{"line":32,"column":44},"end":{"line":33,"column":20}}]},"6":{"type":"branch","line":35,"loc":{"start":{"line":35,"column":43},"end":{"line":35,"column":50}},"locations":[{"start":{"line":35,"column":43},"end":{"line":35,"column":50}}]}},"b":{"0":[20],"1":[3],"2":[1],"3":[2],"4":[11],"5":[0],"6":[0]},"fnMap":{"0":{"name":"useGifs","decl":{"start":{"line":8,"column":23},"end":{"line":62,"column":1}},"loc":{"start":{"line":8,"column":23},"end":{"line":62,"column":1}},"line":8},"1":{"name":"handleTermClicked","decl":{"start":{"line":16,"column":30},"end":{"line":26,"column":6}},"loc":{"start":{"line":16,"column":30},"end":{"line":26,"column":6}},"line":16},"2":{"name":"handleSearch","decl":{"start":{"line":28,"column":25},"end":{"line":49,"column":6}},"loc":{"start":{"line":28,"column":25},"end":{"line":49,"column":6}},"line":28}},"f":{"0":20,"1":3,"2":11}}
,"/Users/fhermq/code/React/cursoDe0aExperto/03-gifs-app/src/gifs/interfaces/gif.interface.ts": {"path":"/Users/fhermq/code/React/cursoDe0aExperto/03-gifs-app/src/gifs/interfaces/gif.interface.ts","all":true,"statementMap":{},"s":{},"branchMap":{"0":{"type":"branch","line":1,"loc":{"start":{"line":1,"column":115},"end":{"line":7,"column":1}},"locations":[{"start":{"line":1,"column":115},"end":{"line":7,"column":1}}]}},"b":{"0":[1]},"fnMap":{"0":{"name":"(empty-report)","decl":{"start":{"line":1,"column":115},"end":{"line":7,"column":1}},"loc":{"start":{"line":1,"column":115},"end":{"line":7,"column":1}},"line":1}},"f":{"0":1}}
,"/Users/fhermq/code/React/cursoDe0aExperto/03-gifs-app/src/gifs/interfaces/giphy.responses.ts": {"path":"/Users/fhermq/code/React/cursoDe0aExperto/03-gifs-app/src/gifs/interfaces/giphy.responses.ts","all":true,"statementMap":{},"s":{},"branchMap":{"0":{"type":"branch","line":1,"loc":{"start":{"line":1,"column":3609},"end":{"line":134,"column":1}},"locations":[{"start":{"line":1,"column":3609},"end":{"line":134,"column":1}}]}},"b":{"0":[1]},"fnMap":{"0":{"name":"(empty-report)","decl":{"start":{"line":1,"column":3609},"end":{"line":134,"column":1}},"loc":{"start":{"line":1,"column":3609},"end":{"line":134,"column":1}},"line":1}},"f":{"0":1}}
,"/Users/fhermq/code/React/cursoDe0aExperto/03-gifs-app/src/mock-data/gif.mocks.ts": {"path":"/Users/fhermq/code/React/cursoDe0aExperto/03-gifs-app/src/mock-data/gif.mocks.ts","all":true,"statementMap":{"2":{"start":{"line":3,"column":0},"end":{"line":3,"column":32}},"3":{"start":{"line":4,"column":0},"end":{"line":4,"column":5}},"4":{"start":{"line":5,"column":0},"end":{"line":5,"column":16}},"5":{"start":{"line":6,"column":0},"end":{"line":6,"column":33}},"6":{"start":{"line":7,"column":0},"end":{"line":7,"column":189}},"7":{"start":{"line":8,"column":0},"end":{"line":8,"column":19}},"8":{"start":{"line":9,"column":0},"end":{"line":9,"column":20}},"9":{"start":{"line":10,"column":0},"end":{"line":10,"column":6}},"10":{"start":{"line":11,"column":0},"end":{"line":11,"column":5}},"11":{"start":{"line":12,"column":0},"end":{"line":12,"column":16}},"12":{"start":{"line":13,"column":0},"end":{"line":13,"column":27}},"13":{"start":{"line":14,"column":0},"end":{"line":14,"column":74}},"14":{"start":{"line":15,"column":0},"end":{"line":15,"column":19}},"15":{"start":{"line":16,"column":0},"end":{"line":16,"column":20}},"16":{"start":{"line":17,"column":0},"end":{"line":17,"column":6}},"17":{"start":{"line":18,"column":0},"end":{"line":18,"column":5}},"18":{"start":{"line":19,"column":0},"end":{"line":19,"column":16}},"19":{"start":{"line":20,"column":0},"end":{"line":20,"column":29}},"20":{"start":{"line":21,"column":0},"end":{"line":21,"column":189}},"21":{"start":{"line":22,"column":0},"end":{"line":22,"column":19}},"22":{"start":{"line":23,"column":0},"end":{"line":23,"column":20}},"23":{"start":{"line":24,"column":0},"end":{"line":24,"column":6}},"24":{"start":{"line":25,"column":0},"end":{"line":25,"column":5}},"25":{"start":{"line":26,"column":0},"end":{"line":26,"column":16}},"26":{"start":{"line":27,"column":0},"end":{"line":27,"column":27}},"27":{"start":{"line":28,"column":0},"end":{"line":28,"column":74}},"28":{"start":{"line":29,"column":0},"end":{"line":29,"column":19}},"29":{"start":{"line":30,"column":0},"end":{"line":30,"column":20}},"30":{"start":{"line":31,"column":0},"end":{"line":31,"column":6}},"31":{"start":{"line":32,"column":0},"end":{"line":32,"column":5}},"32":{"start":{"line":33,"column":0},"end":{"line":33,"column":16}},"33":{"start":{"line":34,"column":0},"end":{"line":34,"column":34}},"34":{"start":{"line":35,"column":0},"end":{"line":35,"column":189}},"35":{"start":{"line":36,"column":0},"end":{"line":36,"column":19}},"36":{"start":{"line":37,"column":0},"end":{"line":37,"column":20}},"37":{"start":{"line":38,"column":0},"end":{"line":38,"column":6}},"38":{"start":{"line":39,"column":0},"end":{"line":39,"column":5}},"39":{"start":{"line":40,"column":0},"end":{"line":40,"column":16}},"40":{"start":{"line":41,"column":0},"end":{"line":41,"column":35}},"41":{"start":{"line":42,"column":0},"end":{"line":42,"column":189}},"42":{"start":{"line":43,"column":0},"end":{"line":43,"column":19}},"43":{"start":{"line":44,"column":0},"end":{"line":44,"column":20}},"44":{"start":{"line":45,"column":0},"end":{"line":45,"column":6}},"45":{"start":{"line":46,"column":0},"end":{"line":46,"column":2}}},"s":{"2":0,"3":0,"4":0,"5":0,"6":0,"7":0,"8":0,"9":0,"10":0,"11":0,"12":0,"13":0,"14":0,"15":0,"16":0,"17":0,"18":0,"19":0,"20":0,"21":0,"22":0,"23":0,"24":0,"25":0,"26":0,"27":0,"28":0,"29":0,"30":0,"31":0,"32":0,"33":0,"34":0,"35":0,"36":0,"37":0,"38":0,"39":0,"40":0,"41":0,"42":0,"43":0,"44":0,"45":0},"branchMap":{"0":{"type":"branch","line":1,"loc":{"start":{"line":1,"column":1624},"end":{"line":46,"column":2}},"locations":[{"start":{"line":1,"column":1624},"end":{"line":46,"column":2}}]}},"b":{"0":[1]},"fnMap":{"0":{"name":"(empty-report)","decl":{"start":{"line":1,"column":1624},"end":{"line":46,"column":2}},"loc":{"start":{"line":1,"column":1624},"end":{"line":46,"column":2}},"line":1}},"f":{"0":1}}
,"/Users/fhermq/code/React/cursoDe0aExperto/03-gifs-app/src/shared/components/CustomHeader.tsx": {"path":"/Users/fhermq/code/React/cursoDe0aExperto/03-gifs-app/src/shared/components/CustomHeader.tsx","all":false,"statementMap":{"5":{"start":{"line":6,"column":0},"end":{"line":6,"column":74}},"6":{"start":{"line":7,"column":0},"end":{"line":7,"column":12}},"7":{"start":{"line":8,"column":0},"end":{"line":8,"column":40}},"8":{"start":{"line":9,"column":0},"end":{"line":9,"column":28}},"10":{"start":{"line":11,"column":0},"end":{"line":11,"column":51}},"14":{"start":{"line":15,"column":0},"end":{"line":15,"column":1}}},"s":{"5":1,"6":5,"7":5,"8":5,"10":5,"14":5},"branchMap":{"0":{"type":"branch","line":6,"loc":{"start":{"line":6,"column":28},"end":{"line":15,"column":1}},"locations":[{"start":{"line":6,"column":28},"end":{"line":15,"column":1}}]}},"b":{"0":[5]},"fnMap":{"0":{"name":"CustomHeader","decl":{"start":{"line":6,"column":28},"end":{"line":15,"column":1}},"loc":{"start":{"line":6,"column":28},"end":{"line":15,"column":1}},"line":6}},"f":{"0":5}}
,"/Users/fhermq/code/React/cursoDe0aExperto/03-gifs-app/src/shared/components/SearchBar.tsx": {"path":"/Users/fhermq/code/React/cursoDe0aExperto/03-gifs-app/src/shared/components/SearchBar.tsx","all":false,"statementMap":{"0":{"start":{"line":1,"column":0},"end":{"line":1,"column":64}},"9":{"start":{"line":10,"column":0},"end":{"line":10,"column":98}},"10":{"start":{"line":11,"column":0},"end":{"line":11,"column":41}},"12":{"start":{"line":13,"column":0},"end":{"line":13,"column":49}},"13":{"start":{"line":14,"column":0},"end":{"line":14,"column":19}},"14":{"start":{"line":15,"column":0},"end":{"line":15,"column":40}},"15":{"start":{"line":16,"column":0},"end":{"line":16,"column":24}},"16":{"start":{"line":17,"column":0},"end":{"line":17,"column":21}},"17":{"start":{"line":18,"column":0},"end":{"line":18,"column":12}},"19":{"start":{"line":20,"column":0},"end":{"line":20,"column":18}},"20":{"start":{"line":21,"column":0},"end":{"line":21,"column":30}},"21":{"start":{"line":22,"column":0},"end":{"line":22,"column":6}},"22":{"start":{"line":23,"column":0},"end":{"line":23,"column":49}},"26":{"start":{"line":27,"column":0},"end":{"line":27,"column":30}},"27":{"start":{"line":28,"column":0},"end":{"line":28,"column":26}},"28":{"start":{"line":29,"column":0},"end":{"line":29,"column":49}},"29":{"start":{"line":30,"column":0},"end":{"line":30,"column":19}},"30":{"start":{"line":31,"column":0},"end":{"line":31,"column":3}},"33":{"start":{"line":34,"column":0},"end":{"line":34,"column":69}},"34":{"start":{"line":35,"column":0},"end":{"line":35,"column":30}},"35":{"start":{"line":36,"column":0},"end":{"line":36,"column":21}},"36":{"start":{"line":37,"column":0},"end":{"line":37,"column":3}},"38":{"start":{"line":39,"column":0},"end":{"line":39,"column":10}},"39":{"start":{"line":40,"column":0},"end":{"line":40,"column":38}},"40":{"start":{"line":41,"column":0},"end":{"line":41,"column":24}},"41":{"start":{"line":42,"column":0},"end":{"line":42,"column":33}},"42":{"start":{"line":43,"column":0},"end":{"line":43,"column":21}},"43":{"start":{"line":44,"column":0},"end":{"line":44,"column":58}},"44":{"start":{"line":45,"column":0},"end":{"line":45,"column":36}},"45":{"start":{"line":46,"column":0},"end":{"line":46,"column":54}},"48":{"start":{"line":49,"column":0},"end":{"line":49,"column":1}}},"s":{"0":1,"9":1,"10":12,"12":12,"13":12,"14":12,"15":2,"16":2,"17":12,"19":12,"20":12,"21":12,"22":12,"26":12,"27":3,"28":3,"29":3,"30":3,"33":12,"34":0,"35":0,"36":0,"38":12,"39":12,"40":12,"41":12,"42":12,"43":12,"44":12,"45":12,"48":12},"branchMap":{"0":{"type":"branch","line":10,"loc":{"start":{"line":10,"column":25},"end":{"line":49,"column":1}},"locations":[{"start":{"line":10,"column":25},"end":{"line":49,"column":1}}]},"1":{"type":"branch","line":14,"loc":{"start":{"line":14,"column":12},"end":{"line":23,"column":5}},"locations":[{"start":{"line":14,"column":12},"end":{"line":23,"column":5}}]},"2":{"type":"branch","line":15,"loc":{"start":{"line":15,"column":33},"end":{"line":18,"column":7}},"locations":[{"start":{"line":15,"column":33},"end":{"line":18,"column":7}}]},"3":{"type":"branch","line":20,"loc":{"start":{"line":20,"column":11},"end":{"line":22,"column":6}},"locations":[{"start":{"line":20,"column":11},"end":{"line":22,"column":6}}]},"4":{"type":"branch","line":27,"loc":{"start":{"line":27,"column":23},"end":{"line":31,"column":3}},"locations":[{"start":{"line":27,"column":23},"end":{"line":31,"column":3}}]},"5":{"type":"branch","line":44,"loc":{"start":{"line":44,"column":18},"end":{"line":44,"column":58}},"locations":[{"start":{"line":44,"column":18},"end":{"line":44,"column":58}}]}},"b":{"0":[12],"1":[12],"2":[2],"3":[12],"4":[3],"5":[6]},"fnMap":{"0":{"name":"SearchBar","decl":{"start":{"line":10,"column":25},"end":{"line":49,"column":1}},"loc":{"start":{"line":10,"column":25},"end":{"line":49,"column":1}},"line":10},"1":{"name":"handleSearch","decl":{"start":{"line":27,"column":23},"end":{"line":31,"column":3}},"loc":{"start":{"line":27,"column":23},"end":{"line":31,"column":3}},"line":27},"2":{"name":"handleKeyDown","decl":{"start":{"line":34,"column":24},"end":{"line":37,"column":3}},"loc":{"start":{"line":34,"column":24},"end":{"line":37,"column":3}},"line":34},"3":{"name":"onChange","decl":{"start":{"line":44,"column":18},"end":{"line":44,"column":58}},"loc":{"start":{"line":44,"column":18},"end":{"line":44,"column":58}},"line":44}},"f":{"0":12,"1":3,"2":0,"3":6}}
}
